*** Using Compiler 'V6.23', folder: 'D:\Keil_v5\ARM\ARMCLANG\Bin'
Rebuild target 'own_controller'
Note: source file '..\Core\Application_Src\encoder.c' - object file renamed from 'own_controller\encoder.o' to 'own_controller\encoder_1.o'.compiling dac.c...
compiling dma.c...
compiling main.c...
compiling iwdg.c...
compiling stm32f1xx_it.c...
compiling encoder.c...
compiling gpio.c...
compiling stm32f1xx_hal_gpio_ex.c...
compiling stm32f1xx_hal_msp.c...
compiling spi.c...
compiling stm32f1xx_hal_dac_ex.c...
assembling startup_stm32f103xe.s...
compiling stm32f1xx_hal_dac.c...
compiling stm32f1xx_hal.c...
compiling stm32f1xx_hal_rcc.c...
compiling stm32f1xx_hal_rcc_ex.c...
compiling stm32f1xx_hal_gpio.c...
compiling stm32f1xx_hal_dma.c...
compiling stm32f1xx_hal_cortex.c...
compiling stm32f1xx_hal_pwr.c...
compiling stm32f1xx_hal_flash.c...
compiling stm32f1xx_hal_exti.c...
compiling stm32f1xx_hal_flash_ex.c...
compiling stm32f1xx_hal_iwdg.c...
compiling stm32f1xx_hal_tim.c...
compiling stm32f1xx_hal_tim_ex.c...
compiling system_stm32f1xx.c...
compiling stm32f1xx_hal_spi.c...
linking...
Program Size: Code=12474 RO-data=370 RW-data=12 ZI-data=1932  
FromELF: creating hex file...
"own_controller\own_controller.axf" - 0 Error(s), 0 Warning(s).
Build Time Elapsed:  00:00:04
